# JRE version: Java(TM) SE Runtime Environment (14.0.1+7) (build 14.0.1+7)
# Java VM: Java HotSpot(TM) 64-Bit Server VM (14.0.1+7, mixed mode, sharing, tiered, compressed oops, g1 gc, windows-amd64)
Heap:
 garbage-first heap   total 86016K, used 40141K [0x0000000703e00000, 0x0000000800000000)
  region size 1024K, 18 young (18432K), 3 survivors (3072K)
 Metaspace       used 32431K, capacity 33783K, committed 34044K, reserved 1079296K
  class space    used 3970K, capacity 4570K, committed 4684K, reserved 1048576K
GC Heap History (12 events):
Event: 0.812 GC heap before
{Heap before GC invocations=0 (full 0):
 garbage-first heap   total 260096K, used 22528K [0x0000000703e00000, 0x0000000800000000)
  region size 1024K, 23 young (23552K), 0 survivors (0K)
 Metaspace       used 7442K, capacity 7875K, committed 8192K, reserved 1056768K
  class space    used 819K, capacity 931K, committed 1024K, reserved 1048576K
}
Event: 0.817 GC heap after
{Heap after GC invocations=1 (full 0):
 garbage-first heap   total 260096K, used 6098K [0x0000000703e00000, 0x0000000800000000)
  region size 1024K, 3 young (3072K), 3 survivors (3072K)
 Metaspace       used 7442K, capacity 7875K, committed 8192K, reserved 1056768K
  class space    used 819K, capacity 931K, committed 1024K, reserved 1048576K
}
Event: 1.074 GC heap before
{Heap before GC invocations=1 (full 0):
 garbage-first heap   total 260096K, used 31698K [0x0000000703e00000, 0x0000000800000000)
  region size 1024K, 29 young (29696K), 3 survivors (3072K)
 Metaspace       used 11219K, capacity 11529K, committed 11648K, reserved 1058816K
  class space    used 1201K, capacity 1332K, committed 1408K, reserved 1048576K
}
Event: 1.079 GC heap after
{Heap after GC invocations=2 (full 0):
 garbage-first heap   total 260096K, used 9208K [0x0000000703e00000, 0x0000000800000000)
  region size 1024K, 3 young (3072K), 3 survivors (3072K)
 Metaspace       used 11219K, capacity 11529K, committed 11648K, reserved 1058816K
  class space    used 1201K, capacity 1332K, committed 1408K, reserved 1048576K
}
Event: 1.959 GC heap before
{Heap before GC invocations=2 (full 0):
 garbage-first heap   total 260096K, used 75768K [0x0000000703e00000, 0x0000000800000000)
  region size 1024K, 66 young (67584K), 3 survivors (3072K)
 Metaspace       used 19179K, capacity 19849K, committed 19968K, reserved 1067008K
  class space    used 2130K, capacity 2446K, committed 2560K, reserved 1048576K
}
Event: 1.968 GC heap after
{Heap after GC invocations=3 (full 0):
 garbage-first heap   total 260096K, used 16627K [0x0000000703e00000, 0x0000000800000000)
  region size 1024K, 9 young (9216K), 9 survivors (9216K)
 Metaspace       used 19179K, capacity 19849K, committed 19968K, reserved 1067008K
  class space    used 2130K, capacity 2446K, committed 2560K, reserved 1048576K
}
Event: 2.247 GC heap before
{Heap before GC invocations=3 (full 0):
 garbage-first heap   total 260096K, used 51443K [0x0000000703e00000, 0x0000000800000000)
  region size 1024K, 44 young (45056K), 9 survivors (9216K)
 Metaspace       used 20419K, capacity 21235K, committed 21296K, reserved 1069056K
  class space    used 2337K, capacity 2679K, committed 2688K, reserved 1048576K
}
Event: 2.255 GC heap after
{Heap after GC invocations=4 (full 0):
 garbage-first heap   total 260096K, used 19375K [0x0000000703e00000, 0x0000000800000000)
  region size 1024K, 12 young (12288K), 12 survivors (12288K)
 Metaspace       used 20419K, capacity 21235K, committed 21296K, reserved 1069056K
  class space    used 2337K, capacity 2679K, committed 2688K, reserved 1048576K
}
Event: 3.566 GC heap before
{Heap before GC invocations=5 (full 0):
 garbage-first heap   total 71680K, used 50095K [0x0000000703e00000, 0x0000000800000000)
  region size 1024K, 42 young (43008K), 12 survivors (12288K)
 Metaspace       used 26848K, capacity 27914K, committed 28156K, reserved 1073152K
  class space    used 3152K, capacity 3589K, committed 3660K, reserved 1048576K
}
Event: 3.579 GC heap after
{Heap after GC invocations=6 (full 0):
 garbage-first heap   total 86016K, used 22674K [0x0000000703e00000, 0x0000000800000000)
  region size 1024K, 6 young (6144K), 6 survivors (6144K)
 Metaspace       used 26848K, capacity 27914K, committed 28156K, reserved 1073152K
  class space    used 3152K, capacity 3589K, committed 3660K, reserved 1048576K
}
Event: 3.936 GC heap before
{Heap before GC invocations=6 (full 0):
 garbage-first heap   total 86016K, used 58514K [0x0000000703e00000, 0x0000000800000000)
  region size 1024K, 41 young (41984K), 6 survivors (6144K)
 Metaspace       used 30144K, capacity 31395K, committed 31740K, reserved 1077248K
  class space    used 3743K, capacity 4317K, committed 4428K, reserved 1048576K
}
Event: 3.946 GC heap after
{Heap after GC invocations=7 (full 0):
 garbage-first heap   total 86016K, used 25805K [0x0000000703e00000, 0x0000000800000000)
  region size 1024K, 3 young (3072K), 3 survivors (3072K)
 Metaspace       used 30144K, capacity 31395K, committed 31740K, reserved 1077248K
  class space    used 3743K, capacity 4317K, committed 4428K, reserved 1048576K
}

