<?xml version="1.0" encoding="UTF-8"?>
<testng-results skipped="0" failed="3" ignored="0" total="17" passed="14">
  <reporter-output>
  </reporter-output>
  <suite name="Default suite" duration-ms="7528" started-at="2020-07-28T00:36:13 IST" finished-at="2020-07-28T00:36:21 IST">
    <groups>
    </groups>
    <test name="Default test" duration-ms="7528" started-at="2020-07-28T00:36:13 IST" finished-at="2020-07-28T00:36:21 IST">
      <class name="com.User.UserApiTests">
        <test-method status="PASS" signature="def_baseUrl()[pri:0, instance:com.User.UserApiTests@57e1b0c]" name="def_baseUrl" is-config="true" duration-ms="391" started-at="2020-07-28T00:36:13 IST" finished-at="2020-07-28T00:36:13 IST">
          <reporter-output>
          </reporter-output>
        </test-method> <!-- def_baseUrl -->
        <test-method status="FAIL" signature="POST_CreateAUser()[pri:0, instance:com.User.UserApiTests@57e1b0c]" name="POST_CreateAUser" duration-ms="2902" started-at="2020-07-28T00:36:13 IST" description="Verify createUser API StatusCode, ResponseTime and Nodes" finished-at="2020-07-28T00:36:16 IST">
          <exception class="java.lang.AssertionError">
            <message>
              <![CDATA[Time allocated 1547ms is greater than expected time 500ms expected [true] but found [false]]]>
            </message>
            <full-stacktrace>
              <![CDATA[java.lang.AssertionError: Time allocated 1547ms is greater than expected time 500ms expected [true] but found [false]
at org.testng.Assert.fail(Assert.java:97)
at org.testng.Assert.failNotEquals(Assert.java:969)
at org.testng.Assert.assertTrue(Assert.java:43)
at com.ResponseValidator.ResponseValidation.responseTimeValidation(ResponseValidation.java:56)
at com.User.UserApiTests.POST_CreateAUser(UserApiTests.java:75)
at sun.reflect.NativeMethodAccessorImpl.invoke0(Native Method)
at sun.reflect.NativeMethodAccessorImpl.invoke(Unknown Source)
at sun.reflect.DelegatingMethodAccessorImpl.invoke(Unknown Source)
at java.lang.reflect.Method.invoke(Unknown Source)
at org.testng.internal.MethodInvocationHelper.invokeMethod(MethodInvocationHelper.java:134)
at org.testng.internal.TestInvoker.invokeMethod(TestInvoker.java:597)
at org.testng.internal.TestInvoker.invokeTestMethod(TestInvoker.java:173)
at org.testng.internal.MethodRunner.runInSequence(MethodRunner.java:46)
at org.testng.internal.TestInvoker$MethodInvocationAgent.invoke(TestInvoker.java:816)
at org.testng.internal.TestInvoker.invokeTestMethods(TestInvoker.java:146)
at org.testng.internal.TestMethodWorker.invokeTestMethods(TestMethodWorker.java:146)
at org.testng.internal.TestMethodWorker.run(TestMethodWorker.java:128)
at java.util.ArrayList.forEach(Unknown Source)
at org.testng.TestRunner.privateRun(TestRunner.java:766)
at org.testng.TestRunner.run(TestRunner.java:587)
at org.testng.SuiteRunner.runTest(SuiteRunner.java:384)
at org.testng.SuiteRunner.runSequentially(SuiteRunner.java:378)
at org.testng.SuiteRunner.privateRun(SuiteRunner.java:337)
at org.testng.SuiteRunner.run(SuiteRunner.java:286)
at org.testng.SuiteRunnerWorker.runSuite(SuiteRunnerWorker.java:53)
at org.testng.SuiteRunnerWorker.run(SuiteRunnerWorker.java:96)
at org.testng.TestNG.runSuitesSequentially(TestNG.java:1187)
at org.testng.TestNG.runSuitesLocally(TestNG.java:1109)
at org.testng.TestNG.runSuites(TestNG.java:1039)
at org.testng.TestNG.run(TestNG.java:1007)
at org.testng.remote.AbstractRemoteTestNG.run(AbstractRemoteTestNG.java:115)
at org.testng.remote.RemoteTestNG.initAndRun(RemoteTestNG.java:251)
at org.testng.remote.RemoteTestNG.main(RemoteTestNG.java:77)
]]>
            </full-stacktrace>
          </exception> <!-- java.lang.AssertionError -->
          <reporter-output>
          </reporter-output>
        </test-method> <!-- POST_CreateAUser -->
        <test-method status="PASS" signature="POST_verifyOTP()[pri:1, instance:com.User.UserApiTests@57e1b0c]" name="POST_verifyOTP" duration-ms="312" started-at="2020-07-28T00:36:16 IST" description="Verify userName&amp;OTP API Response Code, ResponseTime and Nodes " finished-at="2020-07-28T00:36:17 IST">
          <reporter-output>
          </reporter-output>
        </test-method> <!-- POST_verifyOTP -->
        <test-method status="PASS" signature="GET_GetPreferencee()[pri:2, instance:com.User.UserApiTests@57e1b0c]" name="GET_GetPreferencee" duration-ms="207" started-at="2020-07-28T00:36:17 IST" description="Verify getPreference API StatusCode, Response Time and Nodes" finished-at="2020-07-28T00:36:17 IST">
          <reporter-output>
          </reporter-output>
        </test-method> <!-- GET_GetPreferencee -->
        <test-method status="PASS" signature="GET_OtherUserProfile()[pri:2, instance:com.User.UserApiTests@57e1b0c]" name="GET_OtherUserProfile" duration-ms="330" started-at="2020-07-28T00:36:17 IST" description="Verify getOtherUserProfile API StatusCode, Response Time and Nodes" finished-at="2020-07-28T00:36:17 IST">
          <reporter-output>
          </reporter-output>
        </test-method> <!-- GET_OtherUserProfile -->
        <test-method status="PASS" signature="GET_UsersFollowingMe()[pri:2, instance:com.User.UserApiTests@57e1b0c]" name="GET_UsersFollowingMe" duration-ms="389" started-at="2020-07-28T00:36:17 IST" description="Verify UsersFollowingMe API StatusCode, Response Time and Nodes " finished-at="2020-07-28T00:36:17 IST">
          <reporter-output>
          </reporter-output>
        </test-method> <!-- GET_UsersFollowingMe -->
        <test-method status="PASS" signature="GET_getOtherUserProfile()[pri:2, instance:com.User.UserApiTests@57e1b0c]" name="GET_getOtherUserProfile" duration-ms="290" started-at="2020-07-28T00:36:17 IST" description="Verify response body nodes of getOtherUserProfile API" finished-at="2020-07-28T00:36:18 IST">
          <reporter-output>
          </reporter-output>
        </test-method> <!-- GET_getOtherUserProfile -->
        <test-method status="PASS" signature="GET_getProfile()[pri:2, instance:com.User.UserApiTests@57e1b0c]" name="GET_getProfile" duration-ms="265" started-at="2020-07-28T00:36:18 IST" description="Verify getProfile API StatusCode, Response Time and Nodes" finished-at="2020-07-28T00:36:18 IST">
          <reporter-output>
          </reporter-output>
        </test-method> <!-- GET_getProfile -->
        <test-method status="PASS" signature="PUT_UpdateBankDetails()[pri:2, instance:com.User.UserApiTests@57e1b0c]" name="PUT_UpdateBankDetails" duration-ms="212" started-at="2020-07-28T00:36:18 IST" description="Verify UpdateBankDetails API StatusCode, Response Time and Nodes" finished-at="2020-07-28T00:36:18 IST">
          <reporter-output>
          </reporter-output>
        </test-method> <!-- PUT_UpdateBankDetails -->
        <test-method status="PASS" signature="PUT_UpdatePreferencee()[pri:2, instance:com.User.UserApiTests@57e1b0c]" name="PUT_UpdatePreferencee" duration-ms="197" started-at="2020-07-28T00:36:18 IST" description="Verify updatePreference API StatusCode, Response Time and Nodes" finished-at="2020-07-28T00:36:18 IST">
          <reporter-output>
          </reporter-output>
        </test-method> <!-- PUT_UpdatePreferencee -->
        <test-method status="FAIL" signature="PUT_UpdateProfile()[pri:2, instance:com.User.UserApiTests@57e1b0c]" name="PUT_UpdateProfile" duration-ms="244" started-at="2020-07-28T00:36:18 IST" description="Verify updateProfile API StatusCode, Response Time and Nodes" finished-at="2020-07-28T00:36:19 IST">
          <exception class="java.lang.AssertionError">
            <message>
              <![CDATA["profile_picture" node is not present in the response body expected [true] but found [false]]]>
            </message>
            <full-stacktrace>
              <![CDATA[java.lang.AssertionError: "profile_picture" node is not present in the response body expected [true] but found [false]
at org.testng.Assert.fail(Assert.java:97)
at com.User.UserApiTests.PUT_UpdateProfile(UserApiTests.java:232)
at sun.reflect.NativeMethodAccessorImpl.invoke0(Native Method)
at sun.reflect.NativeMethodAccessorImpl.invoke(Unknown Source)
at sun.reflect.DelegatingMethodAccessorImpl.invoke(Unknown Source)
at java.lang.reflect.Method.invoke(Unknown Source)
at org.testng.internal.MethodInvocationHelper.invokeMethod(MethodInvocationHelper.java:134)
at org.testng.internal.TestInvoker.invokeMethod(TestInvoker.java:597)
at org.testng.internal.TestInvoker.invokeTestMethod(TestInvoker.java:173)
at org.testng.internal.MethodRunner.runInSequence(MethodRunner.java:46)
at org.testng.internal.TestInvoker$MethodInvocationAgent.invoke(TestInvoker.java:816)
at org.testng.internal.TestInvoker.invokeTestMethods(TestInvoker.java:146)
at org.testng.internal.TestMethodWorker.invokeTestMethods(TestMethodWorker.java:146)
at org.testng.internal.TestMethodWorker.run(TestMethodWorker.java:128)
at java.util.ArrayList.forEach(Unknown Source)
at org.testng.TestRunner.privateRun(TestRunner.java:766)
at org.testng.TestRunner.run(TestRunner.java:587)
at org.testng.SuiteRunner.runTest(SuiteRunner.java:384)
at org.testng.SuiteRunner.runSequentially(SuiteRunner.java:378)
at org.testng.SuiteRunner.privateRun(SuiteRunner.java:337)
at org.testng.SuiteRunner.run(SuiteRunner.java:286)
at org.testng.SuiteRunnerWorker.runSuite(SuiteRunnerWorker.java:53)
at org.testng.SuiteRunnerWorker.run(SuiteRunnerWorker.java:96)
at org.testng.TestNG.runSuitesSequentially(TestNG.java:1187)
at org.testng.TestNG.runSuitesLocally(TestNG.java:1109)
at org.testng.TestNG.runSuites(TestNG.java:1039)
at org.testng.TestNG.run(TestNG.java:1007)
at org.testng.remote.AbstractRemoteTestNG.run(AbstractRemoteTestNG.java:115)
at org.testng.remote.RemoteTestNG.initAndRun(RemoteTestNG.java:251)
at org.testng.remote.RemoteTestNG.main(RemoteTestNG.java:77)
]]>
            </full-stacktrace>
          </exception> <!-- java.lang.AssertionError -->
          <reporter-output>
          </reporter-output>
        </test-method> <!-- PUT_UpdateProfile -->
        <test-method status="FAIL" signature="PUT_UpdateProfileImage()[pri:2, instance:com.User.UserApiTests@57e1b0c]" name="PUT_UpdateProfileImage" duration-ms="648" started-at="2020-07-28T00:36:19 IST" description="Verify updateProfileImage API StatusCode, Response Time and Nodes" finished-at="2020-07-28T00:36:19 IST">
          <exception class="java.io.FileNotFoundException">
            <message>
              <![CDATA[D:\TestAutomation\MobileApi_Talkiz\TalkizMobileApi\null (The system cannot find the file specified)]]>
            </message>
            <full-stacktrace>
              <![CDATA[java.io.FileNotFoundException: D:\TestAutomation\MobileApi_Talkiz\TalkizMobileApi\null (The system cannot find the file specified)
at java.io.FileInputStream.open0(Native Method)
at java.io.FileInputStream.open(Unknown Source)
at java.io.FileInputStream.<init>(Unknown Source)
at org.apache.http.entity.mime.content.FileBody.writeTo(FileBody.java:116)
at org.apache.http.entity.mime.AbstractMultipartForm.doWriteTo(AbstractMultipartForm.java:134)
at org.apache.http.entity.mime.AbstractMultipartForm.writeTo(AbstractMultipartForm.java:157)
at org.apache.http.entity.mime.MultipartFormEntity.writeTo(MultipartFormEntity.java:113)
at org.apache.http.HttpEntity$writeTo$4.call(Unknown Source)
at io.restassured.internal.multipart.RestAssuredMultiPartEntity.writeTo(RestAssuredMultiPartEntity.groovy:110)
at org.apache.http.entity.HttpEntityWrapper.writeTo(HttpEntityWrapper.java:94)
at org.apache.http.impl.client.EntityEnclosingRequestWrapper$EntityWrapper.writeTo(EntityEnclosingRequestWrapper.java:110)
at org.apache.http.impl.entity.EntitySerializer.serialize(EntitySerializer.java:118)
at org.apache.http.impl.AbstractHttpClientConnection.sendRequestEntity(AbstractHttpClientConnection.java:263)
at org.apache.http.impl.conn.ManagedClientConnectionImpl.sendRequestEntity(ManagedClientConnectionImpl.java:214)
at org.apache.http.protocol.HttpRequestExecutor.doSendRequest(HttpRequestExecutor.java:238)
at org.apache.http.protocol.HttpRequestExecutor.execute(HttpRequestExecutor.java:123)
at org.apache.http.impl.client.DefaultRequestDirector.tryExecute(DefaultRequestDirector.java:684)
at org.apache.http.impl.client.DefaultRequestDirector.execute(DefaultRequestDirector.java:486)
at org.apache.http.impl.client.AbstractHttpClient.doExecute(AbstractHttpClient.java:835)
at org.apache.http.impl.client.CloseableHttpClient.execute(CloseableHttpClient.java:83)
at org.apache.http.impl.client.CloseableHttpClient.execute(CloseableHttpClient.java:56)
at org.apache.http.client.HttpClient$execute$0.call(Unknown Source)
at io.restassured.internal.RequestSpecificationImpl$RestAssuredHttpBuilder.doRequest(RequestSpecificationImpl.groovy:2055)
at io.restassured.internal.http.HTTPBuilder.doRequest(HTTPBuilder.java:495)
at io.restassured.internal.http.HTTPBuilder.request(HTTPBuilder.java:452)
at io.restassured.internal.http.HTTPBuilder$request$3.call(Unknown Source)
at io.restassured.internal.RequestSpecificationImpl.sendHttpRequest(RequestSpecificationImpl.groovy:1451)
at sun.reflect.NativeMethodAccessorImpl.invoke0(Native Method)
at sun.reflect.NativeMethodAccessorImpl.invoke(Unknown Source)
at sun.reflect.DelegatingMethodAccessorImpl.invoke(Unknown Source)
at java.lang.reflect.Method.invoke(Unknown Source)
at org.codehaus.groovy.reflection.CachedMethod.invoke(CachedMethod.java:107)
at groovy.lang.MetaMethod.doMethodInvoke(MetaMethod.java:323)
at groovy.lang.MetaClassImpl.invokeMethod(MetaClassImpl.java:1262)
at groovy.lang.MetaClassImpl.invokeMethod(MetaClassImpl.java:1029)
at groovy.lang.MetaClassImpl.invokeMethod(MetaClassImpl.java:816)
at groovy.lang.GroovyObject.invokeMethod(GroovyObject.java:39)
at org.codehaus.groovy.runtime.callsite.PogoInterceptableSite.call(PogoInterceptableSite.java:45)
at org.codehaus.groovy.runtime.callsite.PogoInterceptableSite.callCurrent(PogoInterceptableSite.java:55)
at org.codehaus.groovy.runtime.callsite.CallSiteArray.defaultCallCurrent(CallSiteArray.java:51)
at org.codehaus.groovy.runtime.callsite.AbstractCallSite.callCurrent(AbstractCallSite.java:171)
at io.restassured.internal.RequestSpecificationImpl.sendRequest(RequestSpecificationImpl.groovy:1197)
at sun.reflect.NativeMethodAccessorImpl.invoke0(Native Method)
at sun.reflect.NativeMethodAccessorImpl.invoke(Unknown Source)
at sun.reflect.DelegatingMethodAccessorImpl.invoke(Unknown Source)
at java.lang.reflect.Method.invoke(Unknown Source)
at org.codehaus.groovy.reflection.CachedMethod.invoke(CachedMethod.java:107)
at groovy.lang.MetaMethod.doMethodInvoke(MetaMethod.java:323)
at groovy.lang.MetaClassImpl.invokeMethod(MetaClassImpl.java:1262)
at groovy.lang.MetaClassImpl.invokeMethod(MetaClassImpl.java:1029)
at groovy.lang.MetaClassImpl.invokeMethod(MetaClassImpl.java:816)
at groovy.lang.GroovyObject.invokeMethod(GroovyObject.java:39)
at org.codehaus.groovy.runtime.callsite.PogoInterceptableSite.call(PogoInterceptableSite.java:45)
at org.codehaus.groovy.runtime.callsite.AbstractCallSite.call(AbstractCallSite.java:166)
at io.restassured.internal.filter.SendRequestFilter.filter(SendRequestFilter.groovy:30)
at io.restassured.filter.Filter$filter$0.call(Unknown Source)
at org.codehaus.groovy.runtime.callsite.CallSiteArray.defaultCall(CallSiteArray.java:47)
at io.restassured.filter.Filter$filter.call(Unknown Source)
at io.restassured.internal.filter.FilterContextImpl.next(FilterContextImpl.groovy:72)
at io.restassured.filter.time.TimingFilter.filter(TimingFilter.java:56)
at io.restassured.filter.Filter$filter.call(Unknown Source)
at org.codehaus.groovy.runtime.callsite.CallSiteArray.defaultCall(CallSiteArray.java:47)
at io.restassured.filter.Filter$filter$0.call(Unknown Source)
at io.restassured.internal.filter.FilterContextImpl.next(FilterContextImpl.groovy:72)
at io.restassured.filter.FilterContext$next.call(Unknown Source)
at io.restassured.internal.RequestSpecificationImpl.applyPathParamsAndSendRequest(RequestSpecificationImpl.groovy:1655)
at sun.reflect.NativeMethodAccessorImpl.invoke0(Native Method)
at sun.reflect.NativeMethodAccessorImpl.invoke(Unknown Source)
at sun.reflect.DelegatingMethodAccessorImpl.invoke(Unknown Source)
at java.lang.reflect.Method.invoke(Unknown Source)
at org.codehaus.groovy.reflection.CachedMethod.invoke(CachedMethod.java:107)
at groovy.lang.MetaMethod.doMethodInvoke(MetaMethod.java:323)
at groovy.lang.MetaClassImpl.invokeMethod(MetaClassImpl.java:1262)
at groovy.lang.MetaClassImpl.invokeMethod(MetaClassImpl.java:1029)
at groovy.lang.MetaClassImpl.invokeMethod(MetaClassImpl.java:816)
at groovy.lang.GroovyObject.invokeMethod(GroovyObject.java:39)
at org.codehaus.groovy.runtime.callsite.PogoInterceptableSite.call(PogoInterceptableSite.java:45)
at org.codehaus.groovy.runtime.callsite.PogoInterceptableSite.callCurrent(PogoInterceptableSite.java:55)
at org.codehaus.groovy.runtime.callsite.AbstractCallSite.callCurrent(AbstractCallSite.java:203)
at io.restassured.internal.RequestSpecificationImpl.applyPathParamsAndSendRequest(RequestSpecificationImpl.groovy:1661)
at sun.reflect.NativeMethodAccessorImpl.invoke0(Native Method)
at sun.reflect.NativeMethodAccessorImpl.invoke(Unknown Source)
at sun.reflect.DelegatingMethodAccessorImpl.invoke(Unknown Source)
at java.lang.reflect.Method.invoke(Unknown Source)
at org.codehaus.groovy.reflection.CachedMethod.invoke(CachedMethod.java:107)
at groovy.lang.MetaMethod.doMethodInvoke(MetaMethod.java:323)
at groovy.lang.MetaClassImpl.invokeMethod(MetaClassImpl.java:1262)
at groovy.lang.MetaClassImpl.invokeMethod(MetaClassImpl.java:1029)
at groovy.lang.MetaClassImpl.invokeMethod(MetaClassImpl.java:816)
at groovy.lang.GroovyObject.invokeMethod(GroovyObject.java:39)
at org.codehaus.groovy.runtime.callsite.PogoInterceptableSite.call(PogoInterceptableSite.java:45)
at org.codehaus.groovy.runtime.callsite.PogoInterceptableSite.callCurrent(PogoInterceptableSite.java:55)
at org.codehaus.groovy.runtime.callsite.AbstractCallSite.callCurrent(AbstractCallSite.java:203)
at io.restassured.internal.RequestSpecificationImpl.put(RequestSpecificationImpl.groovy:179)
at io.restassured.internal.RequestSpecificationImpl.put(RequestSpecificationImpl.groovy)
at com.User.UserApiTests.PUT_UpdateProfileImage(UserApiTests.java:317)
at sun.reflect.NativeMethodAccessorImpl.invoke0(Native Method)
at sun.reflect.NativeMethodAccessorImpl.invoke(Unknown Source)
at sun.reflect.DelegatingMethodAccessorImpl.invoke(Unknown Source)
at java.lang.reflect.Method.invoke(Unknown Source)
at org.testng.internal.MethodInvocationHelper.invokeMethod(MethodInvocationHelper.java:134)
at org.testng.internal.TestInvoker.invokeMethod(TestInvoker.java:597)
at org.testng.internal.TestInvoker.invokeTestMethod(TestInvoker.java:173)
at org.testng.internal.MethodRunner.runInSequence(MethodRunner.java:46)
at org.testng.internal.TestInvoker$MethodInvocationAgent.invoke(TestInvoker.java:816)
at org.testng.internal.TestInvoker.invokeTestMethods(TestInvoker.java:146)
at org.testng.internal.TestMethodWorker.invokeTestMethods(TestMethodWorker.java:146)
at org.testng.internal.TestMethodWorker.run(TestMethodWorker.java:128)
at java.util.ArrayList.forEach(Unknown Source)
at org.testng.TestRunner.privateRun(TestRunner.java:766)
at org.testng.TestRunner.run(TestRunner.java:587)
at org.testng.SuiteRunner.runTest(SuiteRunner.java:384)
at org.testng.SuiteRunner.runSequentially(SuiteRunner.java:378)
at org.testng.SuiteRunner.privateRun(SuiteRunner.java:337)
at org.testng.SuiteRunner.run(SuiteRunner.java:286)
at org.testng.SuiteRunnerWorker.runSuite(SuiteRunnerWorker.java:53)
at org.testng.SuiteRunnerWorker.run(SuiteRunnerWorker.java:96)
at org.testng.TestNG.runSuitesSequentially(TestNG.java:1187)
at org.testng.TestNG.runSuitesLocally(TestNG.java:1109)
at org.testng.TestNG.runSuites(TestNG.java:1039)
at org.testng.TestNG.run(TestNG.java:1007)
at org.testng.remote.AbstractRemoteTestNG.run(AbstractRemoteTestNG.java:115)
at org.testng.remote.RemoteTestNG.initAndRun(RemoteTestNG.java:251)
at org.testng.remote.RemoteTestNG.main(RemoteTestNG.java:77)
]]>
            </full-stacktrace>
          </exception> <!-- java.io.FileNotFoundException -->
          <reporter-output>
          </reporter-output>
        </test-method> <!-- PUT_UpdateProfileImage -->
        <test-method status="PASS" signature="PUT_UpdateUpiDetails()[pri:2, instance:com.User.UserApiTests@57e1b0c]" name="PUT_UpdateUpiDetails" duration-ms="199" started-at="2020-07-28T00:36:19 IST" description="Verify UpdateUpiDetails API StatusCode, Response Time and Nodes" finished-at="2020-07-28T00:36:20 IST">
          <reporter-output>
          </reporter-output>
        </test-method> <!-- PUT_UpdateUpiDetails -->
        <test-method status="PASS" signature="GET_BankDetails()[pri:3, instance:com.User.UserApiTests@57e1b0c]" name="GET_BankDetails" duration-ms="204" started-at="2020-07-28T00:36:20 IST" description="Verify GetBankDetails API StatusCode, Response Time and Nodes" finished-at="2020-07-28T00:36:20 IST">
          <reporter-output>
          </reporter-output>
        </test-method> <!-- GET_BankDetails -->
        <test-method status="PASS" signature="POST_DeleteBankDetails()[pri:4, instance:com.User.UserApiTests@57e1b0c]" name="POST_DeleteBankDetails" duration-ms="193" started-at="2020-07-28T00:36:20 IST" description="Verify DeleteBankDetails API StatusCode, Response Time and Nodes" finished-at="2020-07-28T00:36:20 IST">
          <reporter-output>
          </reporter-output>
        </test-method> <!-- POST_DeleteBankDetails -->
        <test-method status="PASS" signature="POST_DeleteUpiDetails()[pri:5, instance:com.User.UserApiTests@57e1b0c]" name="POST_DeleteUpiDetails" duration-ms="200" started-at="2020-07-28T00:36:20 IST" description="Verify DeleteUpiDetails API StatusCode, Response Time and Nodes" finished-at="2020-07-28T00:36:20 IST">
          <reporter-output>
          </reporter-output>
        </test-method> <!-- POST_DeleteUpiDetails -->
        <test-method status="PASS" signature="POST_UnfollowUser()[pri:5, instance:com.User.UserApiTests@57e1b0c]" name="POST_UnfollowUser" duration-ms="204" started-at="2020-07-28T00:36:20 IST" description="Verify UnfollowUser API StatusCode, Response Time and Nodes" finished-at="2020-07-28T00:36:20 IST">
          <reporter-output>
          </reporter-output>
        </test-method> <!-- POST_UnfollowUser -->
        <test-method status="PASS" signature="POST_FollowUser()[pri:6, instance:com.User.UserApiTests@57e1b0c]" name="POST_FollowUser" duration-ms="368" started-at="2020-07-28T00:36:20 IST" description="Verify FollowUser API StatusCode, Response Time and Nodes" finished-at="2020-07-28T00:36:21 IST">
          <reporter-output>
          </reporter-output>
        </test-method> <!-- POST_FollowUser -->
        <test-method status="PASS" signature="SM()[pri:0, instance:com.User.UserApiTests@57e1b0c]" name="SM" is-config="true" duration-ms="4874" started-at="2020-07-28T00:36:21 IST" finished-at="2020-07-28T00:36:26 IST">
          <reporter-output>
          </reporter-output>
        </test-method> <!-- SM -->
      </class> <!-- com.User.UserApiTests -->
    </test> <!-- Default test -->
  </suite> <!-- Default suite -->
</testng-results>
